app/build/intermediates/manifest_merge_blame_file/debug/manifest-merger-blame-debug-report.txt
1<?xml version="1.0" encoding="utf-8"?>
2<manifest xmlns:android="http://schemas.android.com/apk/res/android"
3    package="com.example.linguaflash"
4    android:versionCode="1"
5    android:versionName="1.0" >
6
7    <uses-sdk
8        android:minSdkVersion="24"
9        android:targetSdkVersion="34" />
10
11    <uses-permission android:name="android.permission.ACCESS_NETWORK_STATE" />
11-->[com.google.mlkit:translate:17.0.2] AndroidManifest.xml:7:5-79
11-->[com.google.mlkit:translate:17.0.2] AndroidManifest.xml:7:22-76
12    <uses-permission android:name="android.permission.INTERNET" />
12-->[com.google.mlkit:translate:17.0.2] AndroidManifest.xml:8:5-67
12-->[com.google.mlkit:translate:17.0.2] AndroidManifest.xml:8:22-64
13
14    <permission
14-->[androidx.core:core:1.13.0] AndroidManifest.xml:22:5-24:47
15        android:name="com.example.linguaflash.DYNAMIC_RECEIVER_NOT_EXPORTED_PERMISSION"
15-->[androidx.core:core:1.13.0] AndroidManifest.xml:23:9-81
16        android:protectionLevel="signature" />
16-->[androidx.core:core:1.13.0] AndroidManifest.xml:24:9-44
17
18    <uses-permission android:name="com.example.linguaflash.DYNAMIC_RECEIVER_NOT_EXPORTED_PERMISSION" />
18-->[androidx.core:core:1.13.0] AndroidManifest.xml:26:5-97
18-->[androidx.core:core:1.13.0] AndroidManifest.xml:26:22-94
19
20    <application
20-->src/main/AndroidManifest.xml:4:5-28:19
21        android:allowBackup="true"
21-->src/main/AndroidManifest.xml:5:9-35
22        android:appComponentFactory="androidx.core.app.CoreComponentFactory"
22-->[androidx.core:core:1.13.0] AndroidManifest.xml:28:18-86
23        android:debuggable="true"
24        android:extractNativeLibs="false"
25        android:icon="@mipmap/ic_launcher"
25-->src/main/AndroidManifest.xml:6:9-43
26        android:label="@string/app_name"
26-->src/main/AndroidManifest.xml:7:9-41
27        android:roundIcon="@mipmap/ic_launcher_round"
27-->src/main/AndroidManifest.xml:8:9-54
28        android:supportsRtl="true"
28-->src/main/AndroidManifest.xml:9:9-35
29        android:theme="@style/Theme.LinguaFlash" >
29-->src/main/AndroidManifest.xml:10:9-49
30
31        <!-- Main launcher activity -->
32        <activity
32-->src/main/AndroidManifest.xml:13:9-20:20
33            android:name="com.example.linguaflash.MainActivity"
33-->src/main/AndroidManifest.xml:14:13-41
34            android:exported="true" >
34-->src/main/AndroidManifest.xml:15:13-36
35            <intent-filter>
35-->src/main/AndroidManifest.xml:16:13-19:29
36                <action android:name="android.intent.action.MAIN" />
36-->src/main/AndroidManifest.xml:17:17-69
36-->src/main/AndroidManifest.xml:17:25-66
37
38                <category android:name="android.intent.category.LAUNCHER" />
38-->src/main/AndroidManifest.xml:18:17-77
38-->src/main/AndroidManifest.xml:18:27-74
39            </intent-filter>
40        </activity>
41
42        <!-- Example: Settings activity -->
43        <activity
43-->src/main/AndroidManifest.xml:23:9-25:40
44            android:name="com.example.linguaflash.SettingsActivity"
44-->src/main/AndroidManifest.xml:24:13-45
45            android:exported="false" />
45-->src/main/AndroidManifest.xml:25:13-37
46
47        <!-- Add other activities here if needed -->
48        <service
48-->[androidx.camera:camera-camera2:1.2.3] AndroidManifest.xml:24:9-33:19
49            android:name="androidx.camera.core.impl.MetadataHolderService"
49-->[androidx.camera:camera-camera2:1.2.3] AndroidManifest.xml:25:13-75
50            android:enabled="false"
50-->[androidx.camera:camera-camera2:1.2.3] AndroidManifest.xml:26:13-36
51            android:exported="false" >
51-->[androidx.camera:camera-camera2:1.2.3] AndroidManifest.xml:27:13-37
52            <meta-data
52-->[androidx.camera:camera-camera2:1.2.3] AndroidManifest.xml:30:13-32:89
53                android:name="androidx.camera.core.impl.MetadataHolderService.DEFAULT_CONFIG_PROVIDER"
53-->[androidx.camera:camera-camera2:1.2.3] AndroidManifest.xml:31:17-103
54                android:value="androidx.camera.camera2.Camera2Config$DefaultProvider" />
54-->[androidx.camera:camera-camera2:1.2.3] AndroidManifest.xml:32:17-86
55        </service>
56        <service
56-->[com.google.mlkit:translate:17.0.2] AndroidManifest.xml:11:9-17:19
57            android:name="com.google.mlkit.common.internal.MlKitComponentDiscoveryService"
57-->[com.google.mlkit:translate:17.0.2] AndroidManifest.xml:12:13-91
58            android:directBootAware="true"
58-->[com.google.mlkit:common:18.10.0] AndroidManifest.xml:17:13-43
59            android:exported="false" >
59-->[com.google.mlkit:translate:17.0.2] AndroidManifest.xml:13:13-37
60            <meta-data
60-->[com.google.mlkit:translate:17.0.2] AndroidManifest.xml:14:13-16:85
61                android:name="com.google.firebase.components:com.google.mlkit.nl.translate.NaturalLanguageTranslateRegistrar"
61-->[com.google.mlkit:translate:17.0.2] AndroidManifest.xml:15:17-126
62                android:value="com.google.firebase.components.ComponentRegistrar" />
62-->[com.google.mlkit:translate:17.0.2] AndroidManifest.xml:16:17-82
63            <meta-data
63-->[com.google.android.gms:play-services-mlkit-language-id:16.0.0-beta1] AndroidManifest.xml:11:13-13:85
64                android:name="com.google.firebase.components:com.google.mlkit.nl.languageid.internal.LanguageIdRegistrar"
64-->[com.google.android.gms:play-services-mlkit-language-id:16.0.0-beta1] AndroidManifest.xml:12:17-122
65                android:value="com.google.firebase.components.ComponentRegistrar" />
65-->[com.google.android.gms:play-services-mlkit-language-id:16.0.0-beta1] AndroidManifest.xml:13:17-82
66            <meta-data
66-->[com.google.android.gms:play-services-mlkit-text-recognition-common:19.0.0] AndroidManifest.xml:12:13-14:85
67                android:name="com.google.firebase.components:com.google.mlkit.vision.text.internal.TextRegistrar"
67-->[com.google.android.gms:play-services-mlkit-text-recognition-common:19.0.0] AndroidManifest.xml:13:17-114
68                android:value="com.google.firebase.components.ComponentRegistrar" />
68-->[com.google.android.gms:play-services-mlkit-text-recognition-common:19.0.0] AndroidManifest.xml:14:17-82
69            <meta-data
69-->[com.google.mlkit:vision-common:17.3.0] AndroidManifest.xml:12:13-14:85
70                android:name="com.google.firebase.components:com.google.mlkit.vision.common.internal.VisionCommonRegistrar"
70-->[com.google.mlkit:vision-common:17.3.0] AndroidManifest.xml:13:17-124
71                android:value="com.google.firebase.components.ComponentRegistrar" />
71-->[com.google.mlkit:vision-common:17.3.0] AndroidManifest.xml:14:17-82
72            <meta-data
72-->[com.google.mlkit:common:18.10.0] AndroidManifest.xml:20:13-22:85
73                android:name="com.google.firebase.components:com.google.mlkit.common.internal.CommonComponentRegistrar"
73-->[com.google.mlkit:common:18.10.0] AndroidManifest.xml:21:17-120
74                android:value="com.google.firebase.components.ComponentRegistrar" />
74-->[com.google.mlkit:common:18.10.0] AndroidManifest.xml:22:17-82
75        </service>
76
77        <provider
77-->[com.google.mlkit:common:18.10.0] AndroidManifest.xml:9:9-13:38
78            android:name="com.google.mlkit.common.internal.MlKitInitProvider"
78-->[com.google.mlkit:common:18.10.0] AndroidManifest.xml:10:13-78
79            android:authorities="com.example.linguaflash.mlkitinitprovider"
79-->[com.google.mlkit:common:18.10.0] AndroidManifest.xml:11:13-69
80            android:exported="false"
80-->[com.google.mlkit:common:18.10.0] AndroidManifest.xml:12:13-37
81            android:initOrder="99" />
81-->[com.google.mlkit:common:18.10.0] AndroidManifest.xml:13:13-35
82
83        <activity
83-->[com.google.android.gms:play-services-base:18.1.0] AndroidManifest.xml:20:9-22:45
84            android:name="com.google.android.gms.common.api.GoogleApiActivity"
84-->[com.google.android.gms:play-services-base:18.1.0] AndroidManifest.xml:20:19-85
85            android:exported="false"
85-->[com.google.android.gms:play-services-base:18.1.0] AndroidManifest.xml:22:19-43
86            android:theme="@android:style/Theme.Translucent.NoTitleBar" />
86-->[com.google.android.gms:play-services-base:18.1.0] AndroidManifest.xml:21:19-78
87
88        <meta-data
88-->[com.google.android.gms:play-services-basement:18.1.0] AndroidManifest.xml:21:9-23:69
89            android:name="com.google.android.gms.version"
89-->[com.google.android.gms:play-services-basement:18.1.0] AndroidManifest.xml:22:13-58
90            android:value="@integer/google_play_services_version" />
90-->[com.google.android.gms:play-services-basement:18.1.0] AndroidManifest.xml:23:13-66
91
92        <provider
92-->[androidx.emoji2:emoji2:1.3.0] AndroidManifest.xml:24:9-32:20
93            android:name="androidx.startup.InitializationProvider"
93-->[androidx.emoji2:emoji2:1.3.0] AndroidManifest.xml:25:13-67
94            android:authorities="com.example.linguaflash.androidx-startup"
94-->[androidx.emoji2:emoji2:1.3.0] AndroidManifest.xml:26:13-68
95            android:exported="false" >
95-->[androidx.emoji2:emoji2:1.3.0] AndroidManifest.xml:27:13-37
96            <meta-data
96-->[androidx.emoji2:emoji2:1.3.0] AndroidManifest.xml:29:13-31:52
97                android:name="androidx.emoji2.text.EmojiCompatInitializer"
97-->[androidx.emoji2:emoji2:1.3.0] AndroidManifest.xml:30:17-75
98                android:value="androidx.startup" />
98-->[androidx.emoji2:emoji2:1.3.0] AndroidManifest.xml:31:17-49
99            <meta-data
99-->[androidx.lifecycle:lifecycle-process:2.6.2] AndroidManifest.xml:29:13-31:52
100                android:name="androidx.lifecycle.ProcessLifecycleInitializer"
100-->[androidx.lifecycle:lifecycle-process:2.6.2] AndroidManifest.xml:30:17-78
101                android:value="androidx.startup" />
101-->[androidx.lifecycle:lifecycle-process:2.6.2] AndroidManifest.xml:31:17-49
102            <meta-data
102-->[androidx.profileinstaller:profileinstaller:1.3.1] AndroidManifest.xml:29:13-31:52
103                android:name="androidx.profileinstaller.ProfileInstallerInitializer"
103-->[androidx.profileinstaller:profileinstaller:1.3.1] AndroidManifest.xml:30:17-85
104                android:value="androidx.startup" />
104-->[androidx.profileinstaller:profileinstaller:1.3.1] AndroidManifest.xml:31:17-49
105        </provider>
106
107        <receiver
107-->[androidx.profileinstaller:profileinstaller:1.3.1] AndroidManifest.xml:34:9-52:20
108            android:name="androidx.profileinstaller.ProfileInstallReceiver"
108-->[androidx.profileinstaller:profileinstaller:1.3.1] AndroidManifest.xml:35:13-76
109            android:directBootAware="false"
109-->[androidx.profileinstaller:profileinstaller:1.3.1] AndroidManifest.xml:36:13-44
110            android:enabled="true"
110-->[androidx.profileinstaller:profileinstaller:1.3.1] AndroidManifest.xml:37:13-35
111            android:exported="true"
111-->[androidx.profileinstaller:profileinstaller:1.3.1] AndroidManifest.xml:38:13-36
112            android:permission="android.permission.DUMP" >
112-->[androidx.profileinstaller:profileinstaller:1.3.1] AndroidManifest.xml:39:13-57
113            <intent-filter>
113-->[androidx.profileinstaller:profileinstaller:1.3.1] AndroidManifest.xml:40:13-42:29
114                <action android:name="androidx.profileinstaller.action.INSTALL_PROFILE" />
114-->[androidx.profileinstaller:profileinstaller:1.3.1] AndroidManifest.xml:41:17-91
114-->[androidx.profileinstaller:profileinstaller:1.3.1] AndroidManifest.xml:41:25-88
115            </intent-filter>
116            <intent-filter>
116-->[androidx.profileinstaller:profileinstaller:1.3.1] AndroidManifest.xml:43:13-45:29
117                <action android:name="androidx.profileinstaller.action.SKIP_FILE" />
117-->[androidx.profileinstaller:profileinstaller:1.3.1] AndroidManifest.xml:44:17-85
117-->[androidx.profileinstaller:profileinstaller:1.3.1] AndroidManifest.xml:44:25-82
118            </intent-filter>
119            <intent-filter>
119-->[androidx.profileinstaller:profileinstaller:1.3.1] AndroidManifest.xml:46:13-48:29
120                <action android:name="androidx.profileinstaller.action.SAVE_PROFILE" />
120-->[androidx.profileinstaller:profileinstaller:1.3.1] AndroidManifest.xml:47:17-88
120-->[androidx.profileinstaller:profileinstaller:1.3.1] AndroidManifest.xml:47:25-85
121            </intent-filter>
122            <intent-filter>
122-->[androidx.profileinstaller:profileinstaller:1.3.1] AndroidManifest.xml:49:13-51:29
123                <action android:name="androidx.profileinstaller.action.BENCHMARK_OPERATION" />
123-->[androidx.profileinstaller:profileinstaller:1.3.1] AndroidManifest.xml:50:17-95
123-->[androidx.profileinstaller:profileinstaller:1.3.1] AndroidManifest.xml:50:25-92
124            </intent-filter>
125        </receiver>
126
127        <service
127-->[com.google.android.datatransport:transport-backend-cct:2.3.3] AndroidManifest.xml:29:9-35:19
128            android:name="com.google.android.datatransport.runtime.backends.TransportBackendDiscovery"
128-->[com.google.android.datatransport:transport-backend-cct:2.3.3] AndroidManifest.xml:30:13-103
129            android:exported="false" >
129-->[com.google.android.datatransport:transport-backend-cct:2.3.3] AndroidManifest.xml:31:13-37
130            <meta-data
130-->[com.google.android.datatransport:transport-backend-cct:2.3.3] AndroidManifest.xml:32:13-34:39
131                android:name="backend:com.google.android.datatransport.cct.CctBackendFactory"
131-->[com.google.android.datatransport:transport-backend-cct:2.3.3] AndroidManifest.xml:33:17-94
132                android:value="cct" />
132-->[com.google.android.datatransport:transport-backend-cct:2.3.3] AndroidManifest.xml:34:17-36
133        </service>
134        <service
134-->[com.google.android.datatransport:transport-runtime:2.2.6] AndroidManifest.xml:26:9-30:19
135            android:name="com.google.android.datatransport.runtime.scheduling.jobscheduling.JobInfoSchedulerService"
135-->[com.google.android.datatransport:transport-runtime:2.2.6] AndroidManifest.xml:27:13-117
136            android:exported="false"
136-->[com.google.android.datatransport:transport-runtime:2.2.6] AndroidManifest.xml:28:13-37
137            android:permission="android.permission.BIND_JOB_SERVICE" >
137-->[com.google.android.datatransport:transport-runtime:2.2.6] AndroidManifest.xml:29:13-69
138        </service>
139
140        <receiver
140-->[com.google.android.datatransport:transport-runtime:2.2.6] AndroidManifest.xml:32:9-34:40
141            android:name="com.google.android.datatransport.runtime.scheduling.jobscheduling.AlarmManagerSchedulerBroadcastReceiver"
141-->[com.google.android.datatransport:transport-runtime:2.2.6] AndroidManifest.xml:33:13-132
142            android:exported="false" />
142-->[com.google.android.datatransport:transport-runtime:2.2.6] AndroidManifest.xml:34:13-37
143    </application>
144
145</manifest>